2026-02-25T11:20:25.751Z washington: napoleon won a war against washington
2026-02-25T11:29:58.569Z washington: napoleon won a war against washington
2026-02-25T11:30:33.753Z washington: napoleon won a war against washington
2026-02-25T11:30:47.608Z washington: napoleon won a war against washington
2026-02-25T11:30:57.377Z washington: napoleon won a war against washington
2026-02-25T13:40:22.097Z undefined: Never interrupt your enemy when he is making a mistake.
2026-02-25T13:40:22.098Z undefined: All warfare is based on deception.
2026-02-25T13:40:22.098Z undefined: The art of war is simple enough. Find out where your enemy is. Get at him as soon as you can. Strike him as hard as you can, and keep moving on.
2026-02-25T13:40:22.098Z undefined: It is well that war is so terrible, otherwise we should grow too fond of it.
2026-02-25T13:40:22.098Z undefined: All warfare is based on deception.
2026-02-25T13:40:22.099Z undefined: Never interrupt your enemy when he is making a mistake.
2026-02-25T13:40:22.099Z undefined: The art of war is simple enough. Find out where your enemy is. Get at him as soon as you can. Strike him as hard as you can, and keep moving on.
2026-02-25T13:40:22.099Z undefined: A soldier will fight long and hard for a bit of colored ribbon.
2026-02-25T13:40:22.099Z undefined: Never interrupt your enemy when he is making a mistake.
2026-02-25T13:40:22.099Z undefined: The art of war is simple enough. Find out where your enemy is. Get at him as soon as you can. Strike him as hard as you can, and keep moving on.
2026-02-25T13:40:22.099Z undefined: A soldier will fight long and hard for a bit of colored ribbon.
2026-02-25T13:40:22.099Z undefined: All warfare is based on deception.
2026-02-25T13:40:22.099Z undefined: The hardest thing of all for a soldier is to retreat.
2026-02-25T13:40:22.099Z undefined: It is well that war is so terrible, otherwise we should grow too fond of it.
2026-02-25T13:40:22.099Z undefined: Never interrupt your enemy when he is making a mistake.
2026-02-25T13:40:22.099Z undefined: The art of war is simple enough. Find out where your enemy is. Get at him as soon as you can. Strike him as hard as you can, and keep moving on.
2026-02-25T13:40:22.099Z undefined: All warfare is based on deception.
2026-02-25T13:40:22.099Z undefined: A soldier will fight long and hard for a bit of colored ribbon.
2026-02-25T13:40:22.099Z undefined: A soldier will fight long and hard for a bit of colored ribbon.
2026-02-25T13:40:22.099Z undefined: The art of war is simple enough. Find out where your enemy is. Get at him as soon as you can. Strike him as hard as you can, and keep moving on.
2026-02-25T13:40:22.100Z undefined: Never interrupt your enemy when he is making a mistake.
2026-02-25T13:40:22.100Z undefined: Never interrupt your enemy when he is making a mistake.
2026-02-25T13:40:22.100Z undefined: The hardest thing of all for a soldier is to retreat.
2026-02-25T13:40:22.100Z undefined: Never interrupt your enemy when he is making a mistake.
2026-02-25T13:40:22.100Z undefined: A soldier will fight long and hard for a bit of colored ribbon.
2026-02-25T13:41:00.964Z undefined: The art of war is simple enough. Find out where your enemy is. Get at him as soon as you can. Strike him as hard as you can, and keep moving on.
2026-02-25T13:41:00.964Z undefined: A soldier will fight long and hard for a bit of colored ribbon.
2026-02-25T13:41:00.964Z undefined: It is well that war is so terrible, otherwise we should grow too fond of it.
2026-02-25T13:41:00.964Z undefined: A soldier will fight long and hard for a bit of colored ribbon.
2026-02-25T13:41:00.964Z undefined: A soldier will fight long and hard for a bit of colored ribbon.
2026-02-25T13:41:00.964Z undefined: The hardest thing of all for a soldier is to retreat.
2026-02-25T13:41:00.964Z undefined: Never interrupt your enemy when he is making a mistake.
2026-02-25T13:41:00.965Z undefined: The art of war is simple enough. Find out where your enemy is. Get at him as soon as you can. Strike him as hard as you can, and keep moving on.
2026-02-25T13:41:00.965Z undefined: The art of war is simple enough. Find out where your enemy is. Get at him as soon as you can. Strike him as hard as you can, and keep moving on.
2026-02-25T13:41:00.965Z undefined: Never interrupt your enemy when he is making a mistake.
2026-02-25T13:41:00.965Z undefined: The art of war is simple enough. Find out where your enemy is. Get at him as soon as you can. Strike him as hard as you can, and keep moving on.
2026-02-25T13:41:00.965Z undefined: Never interrupt your enemy when he is making a mistake.
2026-02-25T13:41:00.965Z undefined: It is well that war is so terrible, otherwise we should grow too fond of it.
2026-02-25T13:41:00.965Z undefined: It is well that war is so terrible, otherwise we should grow too fond of it.
2026-02-25T13:41:00.965Z undefined: All warfare is based on deception.
2026-02-25T13:41:00.965Z undefined: All warfare is based on deception.
2026-02-25T13:41:00.965Z undefined: A soldier will fight long and hard for a bit of colored ribbon.
2026-02-25T13:41:00.965Z undefined: It is well that war is so terrible, otherwise we should grow too fond of it.
2026-02-25T13:41:00.965Z undefined: All warfare is based on deception.
2026-02-25T13:41:00.965Z undefined: A soldier will fight long and hard for a bit of colored ribbon.
2026-02-25T13:41:00.965Z undefined: The hardest thing of all for a soldier is to retreat.
2026-02-25T13:41:00.965Z undefined: Never interrupt your enemy when he is making a mistake.
2026-02-25T13:41:00.965Z undefined: It is well that war is so terrible, otherwise we should grow too fond of it.
2026-02-25T13:41:00.965Z undefined: A soldier will fight long and hard for a bit of colored ribbon.
2026-02-25T13:41:00.965Z undefined: The hardest thing of all for a soldier is to retreat.
2026-02-25T13:41:00.965Z undefined: The art of war is simple enough. Find out where your enemy is. Get at him as soon as you can. Strike him as hard as you can, and keep moving on.
